[37mStarted GET   / for ::1at Mon Jan 22 2018 19:32:18 GMT+0800 (CST)[39m
[37m  [35mquery[37m:{}[39m
[37mCompleted in 13ms  200

[39m
[37mStarted GET   / for ::1at Mon Jan 22 2018 19:45:26 GMT+0800 (CST)[39m
[37m  [35mquery[37m:{}[39m
[37mCompleted in 12ms  500

[39m
[37mStarted GET   / for ::1at Mon Jan 22 2018 19:46:01 GMT+0800 (CST)[39m
[37m  [35mquery[37m:{}[39m
[37mCompleted in 12ms  200

[39m
[37mStarted GET   / for ::1at Mon Jan 22 2018 19:46:10 GMT+0800 (CST)[39m
[37m  [35mquery[37m:{}[39m
[37mCompleted in 1ms  200

[39m
[37mStarted GET   /static/css/antd.min.css.map for ::1at Mon Jan 22 2018 19:46:15 GMT+0800 (CST)[39m
[37m  [35mquery[37m:{}[39m
[37mCompleted in 0ms  404

[39m
[37mStarted GET   / for ::1at Mon Jan 22 2018 19:46:17 GMT+0800 (CST)[39m
[37m  [35mquery[37m:{}[39m
[37mCompleted in 0ms  200

[39m
[37mStarted GET   /static/css/antd.min.css.map for ::1at Mon Jan 22 2018 19:46:17 GMT+0800 (CST)[39m
[37m  [35mquery[37m:{}[39m
[37mCompleted in 0ms  404

[39m
[37mStarted GET   / for ::1at Mon Jan 22 2018 19:46:52 GMT+0800 (CST)[39m
[37m  [35mquery[37m:{}[39m
[37mCompleted in 14ms  200

[39m
[37mStarted GET   /static/css/antd.min.css.map for ::1at Mon Jan 22 2018 19:46:52 GMT+0800 (CST)[39m
[37m  [35mquery[37m:{}[39m
[37mCompleted in 1ms  404

[39m
[37mStarted GET   / for ::1at Mon Jan 22 2018 19:50:55 GMT+0800 (CST)[39m
[37m  [35mquery[37m:{}[39m
[37mCompleted in 14ms  200

[39m
[37mStarted GET   /static/css/antd.min.css.map for ::1at Mon Jan 22 2018 19:50:55 GMT+0800 (CST)[39m
[37m  [35mquery[37m:{}[39m
[37mCompleted in 1ms  404

[39m
[37mStarted GET   / for ::1at Mon Jan 22 2018 19:56:57 GMT+0800 (CST)[39m
[37m  [35mquery[37m:{}[39m
[37mCompleted in 12ms  200

[39m
[37mStarted GET   /static/css/antd.min.css.map for ::1at Mon Jan 22 2018 19:56:57 GMT+0800 (CST)[39m
[37m  [35mquery[37m:{}[39m
[37mCompleted in 0ms  404

[39m
[37mStarted GET   /static/js/index.js.map for ::1at Mon Jan 22 2018 19:56:57 GMT+0800 (CST)[39m
[37m  [35mquery[37m:{}[39m
[37mCompleted in 0ms  404

[39m
[37mStarted GET   / for ::1at Mon Jan 22 2018 19:57:36 GMT+0800 (CST)[39m
[37m  [35mquery[37m:{}[39m
[37mCompleted in 13ms  200

[39m
[37mStarted GET   /static/js/index.js.map for ::1at Mon Jan 22 2018 19:57:36 GMT+0800 (CST)[39m
[37m  [35mquery[37m:{}[39m
[37mCompleted in 1ms  404

[39m
[37mStarted GET   /static/css/antd.min.css.map for ::1at Mon Jan 22 2018 19:57:36 GMT+0800 (CST)[39m
[37m  [35mquery[37m:{}[39m
[37mCompleted in 0ms  404

[39m
[37mStarted POST   /upload for ::1at Mon Jan 22 2018 19:57:58 GMT+0800 (CST)[39m
[37m  [35mquery[37m:{}[39m
[37mCompleted in 1ms  404

[39m
[37mStarted GET   / for ::1at Mon Jan 22 2018 19:59:40 GMT+0800 (CST)[39m
[37m  [35mquery[37m:{}[39m
[37mCompleted in 15ms  200

[39m
[37mStarted GET   /static/js/index.js.map for ::1at Mon Jan 22 2018 19:59:41 GMT+0800 (CST)[39m
[37m  [35mquery[37m:{}[39m
[37mCompleted in 2ms  404

[39m
[37mStarted GET   /static/css/antd.min.css.map for ::1at Mon Jan 22 2018 19:59:41 GMT+0800 (CST)[39m
[37m  [35mquery[37m:{}[39m
[37mCompleted in 1ms  404

[39m
[37mStarted POST   /upload/files for ::1at Mon Jan 22 2018 19:59:45 GMT+0800 (CST)[39m
[37m  [35mquery[37m:{}[39m
[37mCompleted in 2ms  200

[39m
[37mStarted POST   /upload/files for ::1at Mon Jan 22 2018 19:59:45 GMT+0800 (CST)[39m
[37m  [35mquery[37m:{}[39m
[37mCompleted in 0ms  200

[39m
[37mStarted POST   /upload/files for ::1at Mon Jan 22 2018 19:59:46 GMT+0800 (CST)[39m
[37m  [35mquery[37m:{}[39m
[37mCompleted in 1ms  200

[39m
[37mStarted POST   /upload/files for ::1at Mon Jan 22 2018 19:59:49 GMT+0800 (CST)[39m
[37m  [35mquery[37m:{}[39m
[37mCompleted in 5ms  200

[39m
[37mStarted POST   /upload/files for ::1at Mon Jan 22 2018 19:59:54 GMT+0800 (CST)[39m
[37m  [35mquery[37m:{}[39m
[37mCompleted in 1ms  200

[39m
[37mStarted GET   / for ::1at Mon Jan 22 2018 20:00:51 GMT+0800 (CST)[39m
[37m  [35mquery[37m:{}[39m
[37mCompleted in 20ms  200

[39m
[37mStarted GET   /static/js/index.js.map for ::1at Mon Jan 22 2018 20:00:51 GMT+0800 (CST)[39m
[37m  [35mquery[37m:{}[39m
[37mCompleted in 1ms  404

[39m
[37mStarted GET   /static/css/antd.min.css.map for ::1at Mon Jan 22 2018 20:00:51 GMT+0800 (CST)[39m
[37m  [35mquery[37m:{}[39m
[37mCompleted in 2ms  404

[39m
[37mStarted POST   /upload/files for ::1at Mon Jan 22 2018 20:00:56 GMT+0800 (CST)[39m
[37m  [35mquery[37m:{}[39m
[37mCompleted in 7ms  200

[39m
[37mStarted POST   /upload/files for ::1at Mon Jan 22 2018 20:00:56 GMT+0800 (CST)[39m
[37m  [35mquery[37m:{}[39m
[37mCompleted in 1ms  200

[39m
[37mStarted POST   /upload/files for ::1at Mon Jan 22 2018 20:00:57 GMT+0800 (CST)[39m
[37m  [35mquery[37m:{}[39m
[37mCompleted in 0ms  200

[39m
[37mStarted POST   /upload/files for ::1at Mon Jan 22 2018 20:01:00 GMT+0800 (CST)[39m
[37m  [35mquery[37m:{}[39m
[37mCompleted in 1ms  200

[39m
[37mStarted POST   /upload/files for ::1at Mon Jan 22 2018 20:01:05 GMT+0800 (CST)[39m
[37m  [35mquery[37m:{}[39m
[37mCompleted in 1ms  200

[39m
[37mStarted GET   / for ::1at Mon Jan 22 2018 20:02:56 GMT+0800 (CST)[39m
[37m  [35mquery[37m:{}[39m
[37mCompleted in 19ms  200

[39m
[37mStarted GET   /static/css/antd.min.css.map for ::1at Mon Jan 22 2018 20:02:56 GMT+0800 (CST)[39m
[37m  [35mquery[37m:{}[39m
[37mCompleted in 2ms  404

[39m
[37mStarted GET   /static/js/index.js.map for ::1at Mon Jan 22 2018 20:02:56 GMT+0800 (CST)[39m
[37m  [35mquery[37m:{}[39m
[37mCompleted in 0ms  404

[39m
[37mStarted GET   /static/js/ProgressBar.js.map for ::1at Mon Jan 22 2018 20:02:56 GMT+0800 (CST)[39m
[37m  [35mquery[37m:{}[39m
[37mCompleted in 0ms  404

[39m
[37mStarted POST   /upload/files for ::1at Mon Jan 22 2018 20:03:03 GMT+0800 (CST)[39m
[37m  [35mquery[37m:{}[39m
[37mCompleted in 4ms  200

[39m
[37mStarted POST   /upload/files for ::1at Mon Jan 22 2018 20:03:03 GMT+0800 (CST)[39m
[37m  [35mquery[37m:{}[39m
[37mCompleted in 1ms  200

[39m
[37mStarted POST   /upload/files for ::1at Mon Jan 22 2018 20:03:04 GMT+0800 (CST)[39m
[37m  [35mquery[37m:{}[39m
[37mCompleted in 5ms  200

[39m
[37mStarted POST   /upload/files for ::1at Mon Jan 22 2018 20:03:07 GMT+0800 (CST)[39m
[37m  [35mquery[37m:{}[39m
[37mCompleted in 3ms  200

[39m
[37mStarted POST   /upload/files for ::1at Mon Jan 22 2018 20:03:12 GMT+0800 (CST)[39m
[37m  [35mquery[37m:{}[39m
[37mCompleted in 1ms  200

[39m
[37mStarted GET   /static/css/antd.min.css.map for ::1at Mon Jan 22 2018 20:09:21 GMT+0800 (CST)[39m
[37m  [35mquery[37m:{}[39m
[37mCompleted in 12ms  404

[39m
[37mStarted GET   /static/js/index.js.map for ::1at Mon Jan 22 2018 20:09:22 GMT+0800 (CST)[39m
[37m  [35mquery[37m:{}[39m
[37mCompleted in 1ms  404

[39m
[37mStarted GET   /static/js/ProgressBar.js.map for ::1at Mon Jan 22 2018 20:09:22 GMT+0800 (CST)[39m
[37m  [35mquery[37m:{}[39m
[37mCompleted in 1ms  404

[39m
[37mStarted GET   / for ::1at Mon Jan 22 2018 20:09:26 GMT+0800 (CST)[39m
[37m  [35mquery[37m:{}[39m
[37mCompleted in 11ms  200

[39m
[37mStarted GET   /static/css/antd.min.css.map for ::1at Mon Jan 22 2018 20:09:26 GMT+0800 (CST)[39m
[37m  [35mquery[37m:{}[39m
[37mCompleted in 0ms  404

[39m
[37mStarted GET   / for ::1at Mon Jan 22 2018 20:12:51 GMT+0800 (CST)[39m
[37m  [35mquery[37m:{}[39m
[37mCompleted in 18ms  200

[39m
[37mStarted GET   /static/css/antd.min.css.map for ::1at Mon Jan 22 2018 20:12:51 GMT+0800 (CST)[39m
[37m  [35mquery[37m:{}[39m
[37mCompleted in 1ms  404

[39m
[37mStarted POST   /upload/files for ::1at Mon Jan 22 2018 20:13:02 GMT+0800 (CST)[39m
[37m  [35mquery[37m:{}[39m
[37mCompleted in 30ms  200

[39m
[37mStarted GET   / for ::1at Mon Jan 22 2018 20:13:16 GMT+0800 (CST)[39m
[37m  [35mquery[37m:{}[39m
[37mCompleted in 4ms  200

[39m
[37mStarted GET   /static/css/antd.min.css.map for ::1at Mon Jan 22 2018 20:13:17 GMT+0800 (CST)[39m
[37m  [35mquery[37m:{}[39m
[37mCompleted in 2ms  404

[39m
[37mStarted POST   /upload/files for ::1at Mon Jan 22 2018 20:13:52 GMT+0800 (CST)[39m
[37m  [35mquery[37m:{}[39m
[37mCompleted in 3ms  200

[39m
[37mStarted GET   / for ::1at Mon Jan 22 2018 20:13:57 GMT+0800 (CST)[39m
[37m  [35mquery[37m:{}[39m
[37mCompleted in 1ms  200

[39m
[37mStarted GET   /static/css/antd.min.css.map for ::1at Mon Jan 22 2018 20:13:57 GMT+0800 (CST)[39m
[37m  [35mquery[37m:{}[39m
[37mCompleted in 0ms  404

[39m
[37mStarted POST   /upload/files for ::1at Mon Jan 22 2018 20:14:04 GMT+0800 (CST)[39m
[37m  [35mquery[37m:{}[39m
[37mCompleted in 2ms  200

[39m
[37mStarted GET   / for ::1at Mon Jan 22 2018 20:18:22 GMT+0800 (CST)[39m
[37m  [35mquery[37m:{}[39m
[37mCompleted in 28ms  200

[39m
[37mStarted GET   /static/css/antd.min.css.map for ::1at Mon Jan 22 2018 20:18:23 GMT+0800 (CST)[39m
[37m  [35mquery[37m:{}[39m
[37mCompleted in 1ms  404

[39m
[37mStarted POST   /upload/files for ::1at Mon Jan 22 2018 20:19:00 GMT+0800 (CST)[39m
[37m  [35mquery[37m:{}[39m
[37mCompleted in 6ms  200

[39m
[37mStarted GET   / for ::1at Mon Jan 22 2018 20:21:08 GMT+0800 (CST)[39m
[37m  [35mquery[37m:{}[39m
[37mCompleted in 1ms  200

[39m
[37mStarted GET   /static/css/antd.min.css.map for ::1at Mon Jan 22 2018 20:21:09 GMT+0800 (CST)[39m
[37m  [35mquery[37m:{}[39m
[37mCompleted in 1ms  404

[39m
[37mStarted POST   /upload/files for ::1at Mon Jan 22 2018 20:21:14 GMT+0800 (CST)[39m
[37m  [35mquery[37m:{}[39m
[37mCompleted in 1ms  200

[39m
[37mStarted POST   /upload/files for ::1at Mon Jan 22 2018 20:21:14 GMT+0800 (CST)[39m
[37m  [35mquery[37m:{}[39m
[37mCompleted in 1ms  200

[39m
[37mStarted GET   / for ::1at Mon Jan 22 2018 20:26:25 GMT+0800 (CST)[39m
[37m  [35mquery[37m:{}[39m
[37mCompleted in 19ms  200

[39m
[37mStarted GET   /static/css/antd.min.css.map for ::1at Mon Jan 22 2018 20:26:25 GMT+0800 (CST)[39m
[37m  [35mquery[37m:{}[39m
[37mCompleted in 1ms  404

[39m
[37mStarted POST   /upload/files for ::1at Mon Jan 22 2018 20:26:28 GMT+0800 (CST)[39m
[37m  [35mquery[37m:{}[39m
[37mCompleted in 10ms  500

[39m
[37mStarted GET   / for ::1at Mon Jan 22 2018 20:27:06 GMT+0800 (CST)[39m
[37m  [35mquery[37m:{}[39m
[37mCompleted in 18ms  200

[39m
[37mStarted GET   /static/css/antd.min.css.map for ::1at Mon Jan 22 2018 20:27:06 GMT+0800 (CST)[39m
[37m  [35mquery[37m:{}[39m
[37mCompleted in 0ms  404

[39m
[37mStarted POST   /upload/files for ::1at Mon Jan 22 2018 20:27:10 GMT+0800 (CST)[39m
[37m  [35mquery[37m:{}[39m
[37mCompleted in 7ms  200

[39m
[37mStarted GET   / for ::1at Mon Jan 22 2018 20:29:19 GMT+0800 (CST)[39m
[37m  [35mquery[37m:{}[39m
[37mCompleted in 20ms  200

[39m
[37mStarted GET   /static/css/antd.min.css.map for ::1at Mon Jan 22 2018 20:29:19 GMT+0800 (CST)[39m
[37m  [35mquery[37m:{}[39m
[37mCompleted in 0ms  404

[39m
[37mStarted POST   /upload/files for ::1at Mon Jan 22 2018 20:29:23 GMT+0800 (CST)[39m
[37m  [35mquery[37m:{}[39m
[37mCompleted in 20ms  200

[39m
[37mStarted POST   /upload/files for ::1at Mon Jan 22 2018 20:31:31 GMT+0800 (CST)[39m
[37m  [35mquery[37m:{}[39m
[37mCompleted in 53ms  200

[39m
[37mStarted GET   / for ::1at Mon Jan 22 2018 20:31:52 GMT+0800 (CST)[39m
[37m  [35mquery[37m:{}[39m
[37mCompleted in 18ms  200

[39m
[37mStarted GET   /static/css/antd.min.css.map for ::1at Mon Jan 22 2018 20:31:52 GMT+0800 (CST)[39m
[37m  [35mquery[37m:{}[39m
[37mCompleted in 0ms  404

[39m
[37mStarted POST   /upload/files for ::1at Mon Jan 22 2018 20:31:57 GMT+0800 (CST)[39m
[37m  [35mquery[37m:{}[39m
[37mCompleted in 20ms  200

[39m
[37mStarted GET   / for ::1at Mon Jan 22 2018 20:34:44 GMT+0800 (CST)[39m
[37m  [35mquery[37m:{}[39m
[37mCompleted in 18ms  200

[39m
[37mStarted GET   /static/css/antd.min.css.map for ::1at Mon Jan 22 2018 20:34:46 GMT+0800 (CST)[39m
[37m  [35mquery[37m:{}[39m
[37mCompleted in 2ms  404

[39m
[37mStarted GET   / for ::1at Mon Jan 22 2018 20:35:23 GMT+0800 (CST)[39m
[37m  [35mquery[37m:{}[39m
[37mCompleted in 22ms  200

[39m
[37mStarted GET   /static/css/antd.min.css.map for ::1at Mon Jan 22 2018 20:35:24 GMT+0800 (CST)[39m
[37m  [35mquery[37m:{}[39m
[37mCompleted in 2ms  404

[39m
[37mStarted POST   /upload/files for ::1at Mon Jan 22 2018 20:35:28 GMT+0800 (CST)[39m
[37m  [35mquery[37m:{}[39m
[37mCompleted in 23ms  200

[39m
[37mStarted POST   /upload/files for ::1at Mon Jan 22 2018 20:35:28 GMT+0800 (CST)[39m
[37m  [35mquery[37m:{}[39m
[37mCompleted in 9ms  200

[39m
[37mStarted GET   / for ::1at Mon Jan 22 2018 20:37:52 GMT+0800 (CST)[39m
[37m  [35mquery[37m:{}[39m
[37mCompleted in 20ms  200

[39m
[37mStarted GET   /static/css/antd.min.css.map for ::1at Mon Jan 22 2018 20:37:52 GMT+0800 (CST)[39m
[37m  [35mquery[37m:{}[39m
[37mCompleted in 0ms  404

[39m
[37mStarted POST   /upload/files for ::1at Mon Jan 22 2018 20:37:58 GMT+0800 (CST)[39m
[37m  [35mquery[37m:{}[39m
[37mCompleted in 15ms  200

[39m
[37mStarted POST   /upload/files for ::1at Mon Jan 22 2018 20:37:58 GMT+0800 (CST)[39m
[37m  [35mquery[37m:{}[39m
[37mCompleted in 6ms  200

[39m
[37mStarted POST   /upload/files for ::1at Mon Jan 22 2018 20:41:43 GMT+0800 (CST)[39m
[37m  [35mquery[37m:{}[39m
[37mCompleted in 34ms  200

[39m
[37mStarted POST   /upload/files for ::1at Mon Jan 22 2018 20:41:59 GMT+0800 (CST)[39m
[37m  [35mquery[37m:{}[39m
[37mCompleted in 4ms  200

[39m
[37mStarted POST   /upload/files for ::1at Mon Jan 22 2018 20:42:17 GMT+0800 (CST)[39m
[37m  [35mquery[37m:{}[39m
[37mCompleted in 36ms  200

[39m
[37mStarted GET   / for ::1at Mon Jan 22 2018 20:46:03 GMT+0800 (CST)[39m
[37m  [35mquery[37m:{}[39m
[37mCompleted in 20ms  200

[39m
[37mStarted GET   /static/css/antd.min.css.map for ::1at Mon Jan 22 2018 20:46:04 GMT+0800 (CST)[39m
[37m  [35mquery[37m:{}[39m
[37mCompleted in 2ms  404

[39m
[37mStarted POST   /upload/files for ::1at Mon Jan 22 2018 20:46:20 GMT+0800 (CST)[39m
[37m  [35mquery[37m:{}[39m
[37mCompleted in 16ms  200

[39m
[37mStarted POST   /upload/files for ::1at Mon Jan 22 2018 20:47:01 GMT+0800 (CST)[39m
[37m  [35mquery[37m:{}[39m
[37mCompleted in 6ms  200

[39m
[37mStarted GET   / for ::1at Mon Jan 22 2018 20:47:31 GMT+0800 (CST)[39m
[37m  [35mquery[37m:{}[39m
[37mCompleted in 18ms  200

[39m
[37mStarted GET   /static/css/antd.min.css.map for ::1at Mon Jan 22 2018 20:47:32 GMT+0800 (CST)[39m
[37m  [35mquery[37m:{}[39m
[37mCompleted in 1ms  404

[39m
[37mStarted POST   /upload/files for ::1at Mon Jan 22 2018 20:47:37 GMT+0800 (CST)[39m
[37m  [35mquery[37m:{}[39m
[37mCompleted in 16ms  200

[39m
[37mStarted POST   /upload/files for ::1at Mon Jan 22 2018 20:49:11 GMT+0800 (CST)[39m
[37m  [35mquery[37m:{}[39m
[37mCompleted in 36ms  200

[39m
[37mStarted POST   /upload/files for ::1at Mon Jan 22 2018 20:50:53 GMT+0800 (CST)[39m
[37m  [35mquery[37m:{}[39m
[37mCompleted in 35ms  200

[39m
[37mStarted POST   /upload/files for ::1at Mon Jan 22 2018 20:51:25 GMT+0800 (CST)[39m
[37m  [35mquery[37m:{}[39m
[37mCompleted in 39ms  200

[39m
[37mStarted GET   / for ::1at Mon Jan 22 2018 20:51:42 GMT+0800 (CST)[39m
[37m  [35mquery[37m:{}[39m
[37mCompleted in 16ms  200

[39m
[37mStarted GET   /static/css/antd.min.css.map for ::1at Mon Jan 22 2018 20:51:43 GMT+0800 (CST)[39m
[37m  [35mquery[37m:{}[39m
[37mCompleted in 2ms  404

[39m
[37mStarted POST   /upload/files for ::1at Mon Jan 22 2018 20:51:47 GMT+0800 (CST)[39m
[37m  [35mquery[37m:{}[39m
[37mCompleted in 14ms  200

[39m
[37mStarted POST   /upload/files for ::1at Mon Jan 22 2018 20:51:47 GMT+0800 (CST)[39m
[37m  [35mquery[37m:{}[39m
[37mCompleted in 6ms  200

[39m
[37mStarted POST   /upload/files for ::1at Mon Jan 22 2018 20:52:37 GMT+0800 (CST)[39m
[37m  [35mquery[37m:{}[39m
[37mCompleted in 9ms  200

[39m
[37mStarted POST   /upload/files for ::1at Mon Jan 22 2018 20:52:37 GMT+0800 (CST)[39m
[37m  [35mquery[37m:{}[39m
[37mCompleted in 6ms  200

[39m
[37mStarted GET   / for ::1at Mon Jan 22 2018 20:53:09 GMT+0800 (CST)[39m
[37m  [35mquery[37m:{}[39m
[37mCompleted in 18ms  200

[39m
[37mStarted GET   /static/css/antd.min.css.map for ::1at Mon Jan 22 2018 20:53:10 GMT+0800 (CST)[39m
[37m  [35mquery[37m:{}[39m
[37mCompleted in 1ms  404

[39m
[37mStarted POST   /upload/files for ::1at Mon Jan 22 2018 20:53:16 GMT+0800 (CST)[39m
[37m  [35mquery[37m:{}[39m
[37mCompleted in 16ms  200

[39m
[37mStarted POST   /upload/files for ::1at Mon Jan 22 2018 20:53:16 GMT+0800 (CST)[39m
[37m  [35mquery[37m:{}[39m
[37mCompleted in 5ms  200

[39m
[37mStarted POST   /upload/files for ::1at Mon Jan 22 2018 20:53:35 GMT+0800 (CST)[39m
[37m  [35mquery[37m:{}[39m
[37mCompleted in 55ms  200

[39m
[37mStarted POST   /upload/files for ::1at Mon Jan 22 2018 20:53:35 GMT+0800 (CST)[39m
[37m  [35mquery[37m:{}[39m
[37mCompleted in 7ms  200

[39m
[37mStarted GET   / for ::1at Mon Jan 22 2018 20:54:12 GMT+0800 (CST)[39m
[37m  [35mquery[37m:{}[39m
[37mCompleted in 18ms  200

[39m
[37mStarted GET   /static/css/antd.min.css.map for ::1at Mon Jan 22 2018 20:54:13 GMT+0800 (CST)[39m
[37m  [35mquery[37m:{}[39m
[37mCompleted in 1ms  404

[39m
[37mStarted POST   /upload/files for ::1at Mon Jan 22 2018 20:54:18 GMT+0800 (CST)[39m
[37m  [35mquery[37m:{}[39m
[37mCompleted in 14ms  200

[39m
[37mStarted POST   /upload/files for ::1at Mon Jan 22 2018 20:54:18 GMT+0800 (CST)[39m
[37m  [35mquery[37m:{}[39m
[37mCompleted in 4ms  200

[39m
[37mStarted GET   / for ::1at Mon Jan 22 2018 20:55:56 GMT+0800 (CST)[39m
[37m  [35mquery[37m:{}[39m
[37mCompleted in 21ms  200

[39m
[37mStarted GET   /static/css/antd.min.css.map for ::1at Mon Jan 22 2018 20:55:57 GMT+0800 (CST)[39m
[37m  [35mquery[37m:{}[39m
[37mCompleted in 1ms  404

[39m
[37mStarted POST   /upload/files for ::1at Mon Jan 22 2018 20:56:03 GMT+0800 (CST)[39m
[37m  [35mquery[37m:{}[39m
[37mCompleted in 18ms  200

[39m
[37mStarted POST   /upload/files for ::1at Mon Jan 22 2018 20:56:03 GMT+0800 (CST)[39m
[37m  [35mquery[37m:{}[39m
[37mCompleted in 6ms  200

[39m
[37mStarted GET   / for ::1at Mon Jan 22 2018 21:07:17 GMT+0800 (CST)[39m
[37m  [35mquery[37m:{}[39m
[37mCompleted in 16ms  200

[39m
[37mStarted GET   /static/css/antd.min.css.map for ::1at Mon Jan 22 2018 21:07:20 GMT+0800 (CST)[39m
[37m  [35mquery[37m:{}[39m
[37mCompleted in 1ms  404

[39m
[37mStarted POST   /files/upload for ::1at Mon Jan 22 2018 21:07:27 GMT+0800 (CST)[39m
[37m  [35mquery[37m:{}[39m
[37mCompleted in 13ms  200

[39m
[37mStarted POST   /files/upload for ::1at Mon Jan 22 2018 21:07:27 GMT+0800 (CST)[39m
[37m  [35mquery[37m:{}[39m
[37mCompleted in 4ms  200

[39m
[37mStarted GET   /static/css/antd.min.css.map for ::1at Mon Jan 22 2018 21:09:01 GMT+0800 (CST)[39m
[37m  [35mquery[37m:{}[39m
[37mCompleted in 10ms  404

[39m
[37mStarted GET   /files/delete-all for ::1at Mon Jan 22 2018 21:09:06 GMT+0800 (CST)[39m
[37m  [35mquery[37m:{}[39m
[37mCompleted in 11ms  200

[39m
[37mStarted GET   /files/delete-all for ::1at Mon Jan 22 2018 21:09:32 GMT+0800 (CST)[39m
[37m  [35mquery[37m:{}[39m
[37mCompleted in 3ms  200

[39m
[37mStarted GET   /files/delete-all for ::1at Mon Jan 22 2018 21:09:36 GMT+0800 (CST)[39m
[37m  [35mquery[37m:{}[39m
[37mCompleted in 1ms  200

[39m
[37mStarted GET   / for ::1at Mon Jan 22 2018 21:10:05 GMT+0800 (CST)[39m
[37m  [35mquery[37m:{}[39m
[37mCompleted in 16ms  200

[39m
[37mStarted GET   /static/css/antd.min.css.map for ::1at Mon Jan 22 2018 21:10:06 GMT+0800 (CST)[39m
[37m  [35mquery[37m:{}[39m
[37mCompleted in 1ms  404

[39m
[37mStarted GET   /files/delete-all for ::1at Mon Jan 22 2018 21:10:08 GMT+0800 (CST)[39m
[37m  [35mquery[37m:{}[39m
[37mCompleted in 5ms  200

[39m
[37mStarted GET   /files/delete-all for ::1at Mon Jan 22 2018 21:10:08 GMT+0800 (CST)[39m
[37m  [35mquery[37m:{}[39m
[37mCompleted in 1ms  200

[39m
