[37mStarted GET   / for ::1at Wed Jan 24 2018 09:08:34 GMT+0800 (CST)[39m
[37m  [35mquery[37m:{}[39m
[37mCompleted in 14ms  200

[39m
[37mStarted GET   /duizhang/operator-charge-department-list for ::1at Wed Jan 24 2018 09:08:35 GMT+0800 (CST)[39m
[37m  [35mquery[37m:{}[39m
[37mCompleted in 5ms  200

[39m
[37mStarted GET   / for ::1at Wed Jan 24 2018 09:11:09 GMT+0800 (CST)[39m
[37m  [35mquery[37m:{}[39m
[37mCompleted in 2ms  200

[39m
[37mStarted GET   /duizhang/operator-charge-department-list for ::1at Wed Jan 24 2018 09:11:10 GMT+0800 (CST)[39m
[37m  [35mquery[37m:{}[39m
[37mCompleted in 1ms  200

[39m
[37mStarted GET   /static/css/antd.min.css.map for ::1at Wed Jan 24 2018 09:11:11 GMT+0800 (CST)[39m
[37m  [35mquery[37m:{}[39m
[37mCompleted in 0ms  404

[39m
[37mStarted GET   /files/delete-all for ::1at Wed Jan 24 2018 09:17:39 GMT+0800 (CST)[39m
[37m  [35mquery[37m:{}[39m
[37mCompleted in 15ms  200

[39m
[37mStarted PUT   /duizhang/operator-charge-department-list for ::1at Wed Jan 24 2018 09:17:53 GMT+0800 (CST)[39m
[37m  [35mquery[37m:{}[39m
[37mCompleted in 24ms  200

[39m
[37mStarted PUT   /duizhang/operator-charge-department-list for ::1at Wed Jan 24 2018 09:30:59 GMT+0800 (CST)[39m
[37m  [35mquery[37m:{}[39m
[37mCompleted in 2ms  200

[39m
[37mStarted GET   / for ::1at Wed Jan 24 2018 09:31:01 GMT+0800 (CST)[39m
[37m  [35mquery[37m:{}[39m
[37mCompleted in 3ms  200

[39m
[37mStarted GET   /duizhang/operator-charge-department-list for ::1at Wed Jan 24 2018 09:31:01 GMT+0800 (CST)[39m
[37m  [35mquery[37m:{}[39m
[37mCompleted in 1ms  200

[39m
[37mStarted GET   /static/css/antd.min.css.map for ::1at Wed Jan 24 2018 09:31:01 GMT+0800 (CST)[39m
[37m  [35mquery[37m:{}[39m
[37mCompleted in 1ms  404

[39m
[37mStarted GET   / for ::1at Wed Jan 24 2018 09:36:13 GMT+0800 (CST)[39m
[37m  [35mquery[37m:{}[39m
[37mCompleted in 16ms  200

[39m
[37mStarted GET   /static/css/antd.min.css.map for ::1at Wed Jan 24 2018 09:36:13 GMT+0800 (CST)[39m
[37m  [35mquery[37m:{}[39m
[37mCompleted in 0ms  404

[39m
[37mStarted GET   /duizhang/operator-charge-department-list for ::1at Wed Jan 24 2018 09:36:13 GMT+0800 (CST)[39m
[37m  [35mquery[37m:{}[39m
[37mCompleted in 4ms  200

[39m
[37mStarted GET   /files/delete-all for ::1at Wed Jan 24 2018 09:36:16 GMT+0800 (CST)[39m
[37m  [35mquery[37m:{}[39m
[37mCompleted in 3ms  200

[39m
[37mStarted PUT   /duizhang/operator-charge-department-list for ::1at Wed Jan 24 2018 09:36:32 GMT+0800 (CST)[39m
[37m  [35mquery[37m:{}[39m
[37mCompleted in 23ms  200

[39m
[37mStarted POST   /files/upload for ::1at Wed Jan 24 2018 09:36:40 GMT+0800 (CST)[39m
[37m  [35mquery[37m:{}[39m
[37mCompleted in 21ms  200

[39m
[37mStarted POST   /files/upload for ::1at Wed Jan 24 2018 09:36:40 GMT+0800 (CST)[39m
[37m  [35mquery[37m:{}[39m
[37mCompleted in 6ms  200

[39m
[37mStarted GET   /duizhang/analys-all for ::1at Wed Jan 24 2018 09:36:41 GMT+0800 (CST)[39m
[37m  [35mquery[37m:{}[39m
[37mCompleted in 8ms  200

[39m
[37mStarted GET   / for ::1at Wed Jan 24 2018 09:48:33 GMT+0800 (CST)[39m
[37m  [35mquery[37m:{}[39m
[37mCompleted in 18ms  200

[39m
[37mStarted GET   /duizhang/operator-charge-department-list for ::1at Wed Jan 24 2018 09:48:37 GMT+0800 (CST)[39m
[37m  [35mquery[37m:{}[39m
[37mCompleted in 4ms  200

[39m
[37mStarted GET   /static/css/antd.min.css.map for ::1at Wed Jan 24 2018 09:48:37 GMT+0800 (CST)[39m
[37m  [35mquery[37m:{}[39m
[37mCompleted in 0ms  404

[39m
[37mStarted GET   /files/delete-all for ::1at Wed Jan 24 2018 09:48:40 GMT+0800 (CST)[39m
[37m  [35mquery[37m:{}[39m
[37mCompleted in 3ms  200

[39m
[37mStarted PUT   /duizhang/operator-charge-department-list for ::1at Wed Jan 24 2018 09:48:47 GMT+0800 (CST)[39m
[37m  [35mquery[37m:{}[39m
[37mCompleted in 23ms  200

[39m
[37mStarted GET   /duizhang/analys-all for ::1at Wed Jan 24 2018 09:48:49 GMT+0800 (CST)[39m
[37m  [35mquery[37m:{}[39m
[37mCompleted in 4ms  200

[39m
[37mStarted POST   /files/upload for ::1at Wed Jan 24 2018 09:48:59 GMT+0800 (CST)[39m
[37m  [35mquery[37m:{}[39m
[37mCompleted in 17ms  200

[39m
[37mStarted POST   /files/upload for ::1at Wed Jan 24 2018 09:48:59 GMT+0800 (CST)[39m
[37m  [35mquery[37m:{}[39m
[37mCompleted in 5ms  200

[39m
[37mStarted GET   /duizhang/analys-all for ::1at Wed Jan 24 2018 09:49:04 GMT+0800 (CST)[39m
[37m  [35mquery[37m:{}[39m
[37mCompleted in 187ms  200

[39m
[37mStarted GET   / for ::1at Wed Jan 24 2018 10:06:35 GMT+0800 (CST)[39m
[37m  [35mquery[37m:{}[39m
[37mCompleted in 28ms  200

[39m
[37mStarted GET   /duizhang/operator-charge-department-list for ::1at Wed Jan 24 2018 10:06:36 GMT+0800 (CST)[39m
[37m  [35mquery[37m:{}[39m
[37mCompleted in 5ms  200

[39m
[37mStarted GET   /static/css/antd.min.css.map for ::1at Wed Jan 24 2018 10:06:36 GMT+0800 (CST)[39m
[37m  [35mquery[37m:{}[39m
[37mCompleted in 1ms  404

[39m
[37mStarted GET   /files/delete-all for ::1at Wed Jan 24 2018 10:06:40 GMT+0800 (CST)[39m
[37m  [35mquery[37m:{}[39m
[37mCompleted in 5ms  200

[39m
[37mStarted GET   /files/delete-all for ::1at Wed Jan 24 2018 10:06:42 GMT+0800 (CST)[39m
[37m  [35mquery[37m:{}[39m
[37mCompleted in 1ms  200

[39m
[37mStarted GET   /files/delete-all for ::1at Wed Jan 24 2018 10:06:50 GMT+0800 (CST)[39m
[37m  [35mquery[37m:{}[39m
[37mCompleted in 2ms  200

[39m
[37mStarted PUT   /duizhang/operator-charge-department-list for ::1at Wed Jan 24 2018 10:07:00 GMT+0800 (CST)[39m
[37m  [35mquery[37m:{}[39m
[37mCompleted in 22ms  200

[39m
[37mStarted POST   /files/upload for ::1at Wed Jan 24 2018 10:07:09 GMT+0800 (CST)[39m
[37m  [35mquery[37m:{}[39m
[37mCompleted in 30ms  200

[39m
[37mStarted POST   /files/upload for ::1at Wed Jan 24 2018 10:07:09 GMT+0800 (CST)[39m
[37m  [35mquery[37m:{}[39m
[37mCompleted in 10ms  200

[39m
[37mStarted GET   /duizhang/analys-all for ::1at Wed Jan 24 2018 10:07:10 GMT+0800 (CST)[39m
[37m  [35mquery[37m:{}[39m
[37mCompleted in 6ms  200

[39m
[37mStarted GET   / for ::1at Wed Jan 24 2018 10:07:55 GMT+0800 (CST)[39m
[37m  [35mquery[37m:{}[39m
[37mCompleted in 19ms  200

[39m
[37mStarted GET   /static/css/antd.min.css.map for ::1at Wed Jan 24 2018 10:07:55 GMT+0800 (CST)[39m
[37m  [35mquery[37m:{}[39m
[37mCompleted in 0ms  404

[39m
[37mStarted GET   /duizhang/operator-charge-department-list for ::1at Wed Jan 24 2018 10:07:56 GMT+0800 (CST)[39m
[37m  [35mquery[37m:{}[39m
[37mCompleted in 4ms  200

[39m
[37mStarted GET   /files/delete-all for ::1at Wed Jan 24 2018 10:08:00 GMT+0800 (CST)[39m
[37m  [35mquery[37m:{}[39m
[37mCompleted in 4ms  200

[39m
[37mStarted POST   /files/upload for ::1at Wed Jan 24 2018 10:08:04 GMT+0800 (CST)[39m
[37m  [35mquery[37m:{}[39m
[37mCompleted in 19ms  200

[39m
[37mStarted POST   /files/upload for ::1at Wed Jan 24 2018 10:08:04 GMT+0800 (CST)[39m
[37m  [35mquery[37m:{}[39m
[37mCompleted in 9ms  200

[39m
[37mStarted PUT   /duizhang/operator-charge-department-list for ::1at Wed Jan 24 2018 10:08:15 GMT+0800 (CST)[39m
[37m  [35mquery[37m:{}[39m
[37mCompleted in 21ms  200

[39m
[37mStarted GET   /duizhang/analys-all for ::1at Wed Jan 24 2018 10:08:17 GMT+0800 (CST)[39m
[37m  [35mquery[37m:{}[39m
[37mCompleted in 6ms  200

[39m
[37mStarted GET   / for ::1at Wed Jan 24 2018 10:13:04 GMT+0800 (CST)[39m
[37m  [35mquery[37m:{}[39m
[37mCompleted in 21ms  200

[39m
[37mStarted GET   /static/css/antd.min.css.map for ::1at Wed Jan 24 2018 10:13:04 GMT+0800 (CST)[39m
[37m  [35mquery[37m:{}[39m
[37mCompleted in 1ms  404

[39m
[37mStarted GET   /duizhang/operator-charge-department-list for ::1at Wed Jan 24 2018 10:13:04 GMT+0800 (CST)[39m
[37m  [35mquery[37m:{}[39m
[37mCompleted in 4ms  200

[39m
[37mStarted GET   / for ::1at Wed Jan 24 2018 10:13:05 GMT+0800 (CST)[39m
[37m  [35mquery[37m:{}[39m
[37mCompleted in 1ms  200

[39m
[37mStarted GET   /static/css/antd.min.css.map for ::1at Wed Jan 24 2018 10:13:05 GMT+0800 (CST)[39m
[37m  [35mquery[37m:{}[39m
[37mCompleted in 1ms  404

[39m
[37mStarted GET   /duizhang/operator-charge-department-list for ::1at Wed Jan 24 2018 10:13:05 GMT+0800 (CST)[39m
[37m  [35mquery[37m:{}[39m
[37mCompleted in 1ms  200

[39m
[37mStarted POST   /files/upload for ::1at Wed Jan 24 2018 10:13:14 GMT+0800 (CST)[39m
[37m  [35mquery[37m:{}[39m
[37mCompleted in 22ms  200

[39m
[37mStarted POST   /files/upload for ::1at Wed Jan 24 2018 10:13:14 GMT+0800 (CST)[39m
[37m  [35mquery[37m:{}[39m
[37mCompleted in 7ms  200

[39m
[37mStarted GET   /duizhang/analys-all for ::1at Wed Jan 24 2018 10:13:15 GMT+0800 (CST)[39m
[37m  [35mquery[37m:{}[39m
[37mCompleted in 3ms  200

[39m
[37mStarted GET   /files/delete-all for ::1at Wed Jan 24 2018 10:13:19 GMT+0800 (CST)[39m
[37m  [35mquery[37m:{}[39m
[37mCompleted in 5ms  200

[39m
[37mStarted GET   / for ::1at Wed Jan 24 2018 10:13:20 GMT+0800 (CST)[39m
[37m  [35mquery[37m:{}[39m
[37mCompleted in 1ms  200

[39m
[37mStarted GET   /static/css/antd.min.css.map for ::1at Wed Jan 24 2018 10:13:20 GMT+0800 (CST)[39m
[37m  [35mquery[37m:{}[39m
[37mCompleted in 0ms  404

[39m
[37mStarted GET   /duizhang/operator-charge-department-list for ::1at Wed Jan 24 2018 10:13:20 GMT+0800 (CST)[39m
[37m  [35mquery[37m:{}[39m
[37mCompleted in 1ms  200

[39m
[37mStarted GET   /duizhang/analys-all for ::1at Wed Jan 24 2018 10:13:22 GMT+0800 (CST)[39m
[37m  [35mquery[37m:{}[39m
[37mCompleted in 3ms  200

[39m
[37mStarted POST   /files/upload for ::1at Wed Jan 24 2018 10:13:27 GMT+0800 (CST)[39m
[37m  [35mquery[37m:{}[39m
[37mCompleted in 5ms  200

[39m
[37mStarted POST   /files/upload for ::1at Wed Jan 24 2018 10:13:27 GMT+0800 (CST)[39m
[37m  [35mquery[37m:{}[39m
[37mCompleted in 2ms  200

[39m
[37mStarted GET   /duizhang/analys-all for ::1at Wed Jan 24 2018 10:13:28 GMT+0800 (CST)[39m
[37m  [35mquery[37m:{}[39m
[37mCompleted in 179ms  200

[39m
[37mStarted GET   /duizhang/analys-all for ::1at Wed Jan 24 2018 10:13:29 GMT+0800 (CST)[39m
[37m  [35mquery[37m:{}[39m
[37mCompleted in 130ms  200

[39m
[37mStarted GET   / for ::1at Wed Jan 24 2018 10:18:18 GMT+0800 (CST)[39m
[37m  [35mquery[37m:{}[39m
[37mCompleted in 17ms  200

[39m
[37mStarted GET   /duizhang/operator-charge-department-list for ::1at Wed Jan 24 2018 10:18:19 GMT+0800 (CST)[39m
[37m  [35mquery[37m:{}[39m
[37mCompleted in 6ms  200

[39m
[37mStarted GET   /static/css/antd.min.css.map for ::1at Wed Jan 24 2018 10:18:19 GMT+0800 (CST)[39m
[37m  [35mquery[37m:{}[39m
[37mCompleted in 1ms  404

[39m
[37mStarted GET   /files/delete-all for ::1at Wed Jan 24 2018 10:18:21 GMT+0800 (CST)[39m
[37m  [35mquery[37m:{}[39m
[37mCompleted in 6ms  200

[39m
[37mStarted PUT   /duizhang/operator-charge-department-list for ::1at Wed Jan 24 2018 10:18:27 GMT+0800 (CST)[39m
[37m  [35mquery[37m:{}[39m
[37mCompleted in 23ms  200

[39m
[37mStarted POST   /files/upload for ::1at Wed Jan 24 2018 10:18:32 GMT+0800 (CST)[39m
[37m  [35mquery[37m:{}[39m
[37mCompleted in 32ms  200

[39m
[37mStarted POST   /files/upload for ::1at Wed Jan 24 2018 10:18:32 GMT+0800 (CST)[39m
[37m  [35mquery[37m:{}[39m
[37mCompleted in 10ms  200

[39m
[37mStarted GET   /duizhang/analys-all for ::1at Wed Jan 24 2018 10:18:33 GMT+0800 (CST)[39m
[37m  [35mquery[37m:{}[39m
[37mCompleted in 177ms  200

[39m
[37mStarted GET   / for ::1at Wed Jan 24 2018 10:37:43 GMT+0800 (CST)[39m
[37m  [35mquery[37m:{}[39m
[37mCompleted in 17ms  200

[39m
[37mStarted GET   /duizhang/operator-charge-department-list for ::1at Wed Jan 24 2018 10:37:44 GMT+0800 (CST)[39m
[37m  [35mquery[37m:{}[39m
[37mCompleted in 5ms  200

[39m
[37mStarted GET   /static/css/antd.min.css.map for ::1at Wed Jan 24 2018 10:37:44 GMT+0800 (CST)[39m
[37m  [35mquery[37m:{}[39m
[37mCompleted in 1ms  404

[39m
[37mStarted GET   / for ::1at Wed Jan 24 2018 10:37:46 GMT+0800 (CST)[39m
[37m  [35mquery[37m:{}[39m
[37mCompleted in 1ms  200

[39m
[37mStarted GET   /static/css/antd.min.css.map for ::1at Wed Jan 24 2018 10:37:47 GMT+0800 (CST)[39m
[37m  [35mquery[37m:{}[39m
[37mCompleted in 0ms  404

[39m
[37mStarted GET   /duizhang/operator-charge-department-list for ::1at Wed Jan 24 2018 10:37:47 GMT+0800 (CST)[39m
[37m  [35mquery[37m:{}[39m
[37mCompleted in 0ms  200

[39m
[37mStarted GET   /files/delete-all for ::1at Wed Jan 24 2018 10:37:48 GMT+0800 (CST)[39m
[37m  [35mquery[37m:{}[39m
[37mCompleted in 7ms  200

[39m
[37mStarted PUT   /duizhang/operator-charge-department-list for ::1at Wed Jan 24 2018 10:37:55 GMT+0800 (CST)[39m
[37m  [35mquery[37m:{}[39m
[37mCompleted in 20ms  200

[39m
[37mStarted GET   /files/delete-all for ::1at Wed Jan 24 2018 10:37:56 GMT+0800 (CST)[39m
[37m  [35mquery[37m:{}[39m
[37mCompleted in 1ms  200

[39m
[37mStarted POST   /files/upload for ::1at Wed Jan 24 2018 10:38:06 GMT+0800 (CST)[39m
[37m  [35mquery[37m:{}[39m
[37mCompleted in 12ms  200

[39m
[37mStarted POST   /files/upload for ::1at Wed Jan 24 2018 10:38:06 GMT+0800 (CST)[39m
[37m  [35mquery[37m:{}[39m
[37mCompleted in 5ms  200

[39m
[37mStarted GET   /duizhang/analys-all for ::1at Wed Jan 24 2018 10:38:07 GMT+0800 (CST)[39m
[37m  [35mquery[37m:{}[39m
[37mCompleted in 168ms  200

[39m
[37mStarted GET   / for ::1at Wed Jan 24 2018 10:57:29 GMT+0800 (CST)[39m
[37m  [35mquery[37m:{}[39m
[37mCompleted in 19ms  200

[39m
[37mStarted GET   /duizhang/operator-charge-department-list for ::1at Wed Jan 24 2018 10:57:29 GMT+0800 (CST)[39m
[37m  [35mquery[37m:{}[39m
[37mCompleted in 4ms  200

[39m
[37mStarted GET   /static/css/antd.min.css.map for ::1at Wed Jan 24 2018 10:57:29 GMT+0800 (CST)[39m
[37m  [35mquery[37m:{}[39m
[37mCompleted in 1ms  404

[39m
[37mStarted GET   /files/delete-all for ::1at Wed Jan 24 2018 10:57:31 GMT+0800 (CST)[39m
[37m  [35mquery[37m:{}[39m
[37mCompleted in 4ms  200

[39m
[37mStarted GET   /files/delete-all for ::1at Wed Jan 24 2018 10:59:29 GMT+0800 (CST)[39m
[37m  [35mquery[37m:{}[39m
[37mCompleted in 6ms  200

[39m
[37mStarted POST   /files/upload for ::1at Wed Jan 24 2018 10:59:34 GMT+0800 (CST)[39m
[37m  [35mquery[37m:{}[39m
[37mCompleted in 36ms  200

[39m
[37mStarted POST   /files/upload for ::1at Wed Jan 24 2018 10:59:34 GMT+0800 (CST)[39m
[37m  [35mquery[37m:{}[39m
[37mCompleted in 10ms  200

[39m
[37mStarted PUT   /duizhang/operator-charge-department-list for ::1at Wed Jan 24 2018 10:59:41 GMT+0800 (CST)[39m
[37m  [35mquery[37m:{}[39m
[37mCompleted in 29ms  200

[39m
[37mStarted GET   /duizhang/analys-all for ::1at Wed Jan 24 2018 10:59:42 GMT+0800 (CST)[39m
[37m  [35mquery[37m:{}[39m
[37mCompleted in 179ms  200

[39m
[37mStarted GET   / for ::1at Wed Jan 24 2018 11:02:45 GMT+0800 (CST)[39m
[37m  [35mquery[37m:{}[39m
[37mCompleted in 19ms  200

[39m
[37mStarted GET   /duizhang/operator-charge-department-list for ::1at Wed Jan 24 2018 11:02:46 GMT+0800 (CST)[39m
[37m  [35mquery[37m:{}[39m
[37mCompleted in 4ms  200

[39m
[37mStarted GET   /static/css/antd.min.css.map for ::1at Wed Jan 24 2018 11:02:46 GMT+0800 (CST)[39m
[37m  [35mquery[37m:{}[39m
[37mCompleted in 1ms  404

[39m
[37mStarted GET   /duizhang/analys-all for ::1at Wed Jan 24 2018 11:03:27 GMT+0800 (CST)[39m
[37m  [35mquery[37m:{}[39m
[37mCompleted in 186ms  200

[39m
[37mStarted GET   / for ::1at Wed Jan 24 2018 11:03:37 GMT+0800 (CST)[39m
[37m  [35mquery[37m:{}[39m
[37mCompleted in 1ms  200

[39m
[37mStarted GET   /static/css/antd.min.css.map for ::1at Wed Jan 24 2018 11:03:37 GMT+0800 (CST)[39m
[37m  [35mquery[37m:{}[39m
[37mCompleted in 1ms  404

[39m
[37mStarted GET   /duizhang/operator-charge-department-list for ::1at Wed Jan 24 2018 11:03:37 GMT+0800 (CST)[39m
[37m  [35mquery[37m:{}[39m
[37mCompleted in 1ms  200

[39m
[37mStarted GET   /files/delete-all for ::1at Wed Jan 24 2018 11:03:47 GMT+0800 (CST)[39m
[37m  [35mquery[37m:{}[39m
[37mCompleted in 2ms  200

[39m
[37mStarted POST   /files/upload for ::1at Wed Jan 24 2018 11:03:53 GMT+0800 (CST)[39m
[37m  [35mquery[37m:{}[39m
[37mCompleted in 21ms  200

[39m
[37mStarted POST   /files/upload for ::1at Wed Jan 24 2018 11:03:53 GMT+0800 (CST)[39m
[37m  [35mquery[37m:{}[39m
[37mCompleted in 6ms  200

[39m
[37mStarted GET   /duizhang/analys-all for ::1at Wed Jan 24 2018 11:03:57 GMT+0800 (CST)[39m
[37m  [35mquery[37m:{}[39m
[37mCompleted in 135ms  200

[39m
