[37mStarted GET   / for ::1at Thu Jan 25 2018 09:09:23 GMT+0800 (CST)[39m
[37m  [35mquery[37m:{}[39m
[37mCompleted in 48ms  200

[39m
[37mStarted GET   /duizhang/operator-charge-department-list for ::1at Thu Jan 25 2018 09:09:24 GMT+0800 (CST)[39m
[37m  [35mquery[37m:{}[39m
[37mCompleted in 5ms  200

[39m
[37mStarted GET   / for ::1at Thu Jan 25 2018 09:19:07 GMT+0800 (CST)[39m
[37m  [35mquery[37m:{}[39m
[37mCompleted in 30ms  200

[39m
[37mStarted GET   /duizhang/operator-charge-department-list for ::1at Thu Jan 25 2018 09:19:08 GMT+0800 (CST)[39m
[37m  [35mquery[37m:{}[39m
[37mCompleted in 7ms  200

[39m
[37mStarted GET   /files/delete-all for ::1at Thu Jan 25 2018 09:19:14 GMT+0800 (CST)[39m
[37m  [35mquery[37m:{}[39m
[37mCompleted in 3ms  200

[39m
[37mStarted PUT   /duizhang/operator-charge-department-list for ::1at Thu Jan 25 2018 09:19:28 GMT+0800 (CST)[39m
[37m  [35mquery[37m:{}[39m
[37mCompleted in 32ms  200

[39m
[37mStarted POST   /files/upload for ::1at Thu Jan 25 2018 09:20:00 GMT+0800 (CST)[39m
[37m  [35mquery[37m:{}[39m
[37mCompleted in 54ms  200

[39m
[37mStarted POST   /files/upload for ::1at Thu Jan 25 2018 09:20:00 GMT+0800 (CST)[39m
[37m  [35mquery[37m:{}[39m
[37mCompleted in 38ms  200

[39m
[37mStarted POST   /files/upload for ::1at Thu Jan 25 2018 09:20:00 GMT+0800 (CST)[39m
[37m  [35mquery[37m:{}[39m
[37mCompleted in 38ms  200

[39m
[37mStarted POST   /files/upload for ::1at Thu Jan 25 2018 09:20:00 GMT+0800 (CST)[39m
[37m  [35mquery[37m:{}[39m
[37mCompleted in 17ms  200

[39m
[37mStarted GET   /duizhang/analys-all for ::1at Thu Jan 25 2018 09:20:02 GMT+0800 (CST)[39m
[37m  [35mquery[37m:{}[39m
[37mCompleted in 518ms  200

[39m
[37mStarted GET   / for ::ffff:172.17.26.69at Thu Jan 25 2018 15:56:58 GMT+0800 (CST)[39m
[37m  [35mquery[37m:{}[39m
[37mCompleted in 56ms  200

[39m
[37mStarted GET   /duizhang/operator-charge-department-list for ::ffff:172.17.26.69at Thu Jan 25 2018 15:57:00 GMT+0800 (CST)[39m
[37m  [35mquery[37m:{}[39m
[37mCompleted in 16ms  200

[39m
[37mStarted GET   / for ::ffff:172.17.26.69at Thu Jan 25 2018 15:57:03 GMT+0800 (CST)[39m
[37m  [35mquery[37m:{}[39m
[37mCompleted in 1ms  200

[39m
[37mStarted GET   /duizhang/operator-charge-department-list for ::ffff:172.17.26.69at Thu Jan 25 2018 15:57:05 GMT+0800 (CST)[39m
[37m  [35mquery[37m:{}[39m
[37mCompleted in 3ms  200

[39m
